Fitter report for lig
Wed Nov 27 19:08:30 2019
Version 5.1 Build 176 10/26/2005 SJ Full Version


---------------------
; Table of Contents ;
---------------------
  1. Legal Notice
  2. Fitter Summary
  3. Fitter Settings
  4. Fitter Device Options
  5. Fitter Equations
  6. Pin-Out File
  7. Fitter Resource Usage Summary
  8. Input Pins
  9. Output Pins
 10. I/O Bank Usage
 11. All Package Pins
 12. Output Pin Default Load For Reported TCO
 13. Fitter Resource Utilization by Entity
 14. Delay Chain Summary
 15. Pad To Core Delay Chain Fanout
 16. Control Signals
 17. Global & Other Fast Signals
 18. Non-Global High Fan-Out Signals
 19. Interconnect Usage Summary
 20. LAB Logic Elements
 21. LAB-wide Signals
 22. LAB Signals Sourced
 23. LAB Signals Sourced Out
 24. LAB Distinct Inputs
 25. Fitter Messages



----------------
; Legal Notice ;
----------------
Copyright (C) 1991-2005 Altera Corporation
Your use of Altera Corporation's design tools, logic functions 
and other software and tools, and its AMPP partner logic 
functions, and any output files any of the foregoing 
(including device programming or simulation files), and any 
associated documentation or information are expressly subject 
to the terms and conditions of the Altera Program License 
Subscription Agreement, Altera MegaCore Function License 
Agreement, or other applicable license agreement, including, 
without limitation, that your use is for the sole purpose of 
programming logic devices manufactured by Altera and sold by 
Altera or its authorized distributors.  Please refer to the 
applicable agreement for further details.



+-------------------------------------------------------------------------------+
; Fitter Summary                                                                ;
+------------------------------------+------------------------------------------+
; Fitter Status                      ; Successful - Wed Nov 27 19:08:30 2019    ;
; Quartus II Version                 ; 5.1 Build 176 10/26/2005 SJ Full Version ;
; Revision Name                      ; lig                                      ;
; Top-level Entity Name              ; lig                                      ;
; Family                             ; Cyclone II                               ;
; Device                             ; EP2C5T144C8                              ;
; Timing Models                      ; Preliminary                              ;
; Total logic elements               ; 75 / 4,608 ( 2 % )                       ;
; Total registers                    ; 44                                       ;
; Total pins                         ; 9 / 89 ( 10 % )                          ;
; Total virtual pins                 ; 0                                        ;
; Total memory bits                  ; 0 / 119,808 ( 0 % )                      ;
; Embedded Multiplier 9-bit elements ; 0 / 26 ( 0 % )                           ;
; Total PLLs                         ; 0 / 2 ( 0 % )                            ;
+------------------------------------+------------------------------------------+


+------------------------------------------------------------------------------------------------------------------------+
; Fitter Settings                                                                                                        ;
+------------------------------------------------------+--------------------------------+--------------------------------+
; Option                                               ; Setting                        ; Default Value                  ;
+------------------------------------------------------+--------------------------------+--------------------------------+
; Device                                               ; EP2C5T144C8                    ;                                ;
; SignalProbe signals routed during normal compilation ; Off                            ; Off                            ;
; Use smart compilation                                ; Off                            ; Off                            ;
; Router Timing Optimization Level                     ; Normal                         ; Normal                         ;
; Placement Effort Multiplier                          ; 1.0                            ; 1.0                            ;
; Router Effort Multiplier                             ; 1.0                            ; 1.0                            ;
; Optimize Hold Timing                                 ; IO Paths and Minimum TPD Paths ; IO Paths and Minimum TPD Paths ;
; Optimize Fast-Corner Timing                          ; Off                            ; Off                            ;
; PowerPlay Power Optimization                         ; Normal compilation             ; Normal compilation             ;
; Optimize Timing                                      ; Normal compilation             ; Normal compilation             ;
; Optimize IOC Register Placement for Timing           ; On                             ; On                             ;
; Limit to One Fitting Attempt                         ; Off                            ; Off                            ;
; Final Placement Optimizations                        ; Automatically                  ; Automatically                  ;
; Fitter Aggressive Routability Optimizations          ; Automatically                  ; Automatically                  ;
; Fitter Initial Placement Seed                        ; 1                              ; 1                              ;
; PCI I/O                                              ; Off                            ; Off                            ;
; Weak Pull-Up Resistor                                ; Off                            ; Off                            ;
; Enable Bus-Hold Circuitry                            ; Off                            ; Off                            ;
; Auto Global Memory Control Signals                   ; Off                            ; Off                            ;
; Auto Packed Registers -- Stratix II/Cyclone II       ; Auto                           ; Auto                           ;
; Auto Delay Chains                                    ; On                             ; On                             ;
; Auto Merge PLLs                                      ; On                             ; On                             ;
; Fitter Effort                                        ; Auto Fit                       ; Auto Fit                       ;
; Physical Synthesis Effort Level                      ; Normal                         ; Normal                         ;
; Auto Global Clock                                    ; On                             ; On                             ;
; Auto Global Register Control Signals                 ; On                             ; On                             ;
+------------------------------------------------------+--------------------------------+--------------------------------+


+-------------------------------------------------------------------------+
; Fitter Device Options                                                   ;
+----------------------------------------------+--------------------------+
; Option                                       ; Setting                  ;
+----------------------------------------------+--------------------------+
; Enable user-supplied start-up clock (CLKUSR) ; Off                      ;
; Enable device-wide reset (DEV_CLRn)          ; Off                      ;
; Enable device-wide output enable (DEV_OE)    ; Off                      ;
; Enable INIT_DONE output                      ; Off                      ;
; Configuration scheme                         ; Active Serial            ;
; Error detection CRC                          ; Off                      ;
; Reserve nCEO pin after configuration         ; As output driving ground ;
; Reserve all unused pins                      ; As output driving ground ;
; Base pin-out file on sameframe device        ; Off                      ;
+----------------------------------------------+--------------------------+


+------------------+
; Fitter Equations ;
+------------------+
The equations can be found in E:/lig/lig.fit.eqn.


+--------------+
; Pin-Out File ;
+--------------+
The pin-out file can be found in E:/lig/lig.pin.


+--------------------------------------------------------------------+
; Fitter Resource Usage Summary                                      ;
+---------------------------------------------+----------------------+
; Resource                                    ; Usage                ;
+---------------------------------------------+----------------------+
; Total logic elements                        ; 75 / 4,608 ( 2 % )   ;
;     -- Combinational with no register       ; 31                   ;
;     -- Register only                        ; 0                    ;
;     -- Combinational with a register        ; 44                   ;
;                                             ;                      ;
; Logic element usage by number of LUT inputs ;                      ;
;     -- 4 input functions                    ; 32                   ;
;     -- 3 input functions                    ; 11                   ;
;     -- <=2 input functions                  ; 32                   ;
;     -- Register only                        ; 0                    ;
;         -- Combinational cells for routing  ; 0                    ;
;                                             ;                      ;
; Logic elements by mode                      ;                      ;
;     -- normal mode                          ; 50                   ;
;     -- arithmetic mode                      ; 25                   ;
;                                             ;                      ;
; Total registers                             ; 44 / 4,608 ( < 1 % ) ;
; Total LABs                                  ; 6 / 288 ( 2 % )      ;
; User inserted logic elements                ; 0                    ;
; Virtual pins                                ; 0                    ;
; I/O pins                                    ; 9 / 89 ( 10 % )      ;
;     -- Clock pins                           ; 0 / 4 ( 0 % )        ;
; Global signals                              ; 1                    ;
; M4Ks                                        ; 0 / 26 ( 0 % )       ;
; Total memory bits                           ; 0 / 119,808 ( 0 % )  ;
; Total RAM block bits                        ; 0 / 119,808 ( 0 % )  ;
; Embedded Multiplier 9-bit elements          ; 0 / 26 ( 0 % )       ;
; PLLs                                        ; 0 / 2 ( 0 % )        ;
; Global clocks                               ; 1 / 8 ( 13 % )       ;
; Maximum fan-out node                        ; clk100khz            ;
; Maximum fan-out                             ; 29                   ;
; Highest non-global fan-out signal           ; clk100khz            ;
; Highest non-global fan-out                  ; 29                   ;
; Total fan-out                               ; 331                  ;
; Average fan-out                             ; 2.51                 ;
+---------------------------------------------+----------------------+


+-----------------------------------------------------------------------------------------------------------------------------------------------------------------------------------------------------------------------------------------------------------------+
; Input Pins                                                                                                                                                                                                                                                      ;
+-----------+-------+----------+--------------+--------------+-------------+-----------------------+--------------------+--------+----------------+---------------+-----------------+----------+--------------+--------------+-------------+----------------------+
; Name      ; Pin # ; I/O Bank ; X coordinate ; Y coordinate ; Cell number ; Combinational Fan-Out ; Registered Fan-Out ; Global ; Input Register ; Power Up High ; PCI I/O Enabled ; Bus Hold ; Weak Pull Up ; I/O Standard ; Termination ; Location assigned by ;
+-----------+-------+----------+--------------+--------------+-------------+-----------------------+--------------------+--------+----------------+---------------+-----------------+----------+--------------+--------------+-------------+----------------------+
; clk100khz ; 70    ; 4        ; 26           ; 0            ; 2           ; 29                    ; 0                  ; no     ; no             ; no            ; no              ; no       ; Off          ; LVTTL        ; Off         ; User                 ;
+-----------+-------+----------+--------------+--------------+-------------+-----------------------+--------------------+--------+----------------+---------------+-----------------+----------+--------------+--------------+-------------+----------------------+


+-------------------------------------------------------------------------------------------------------------------------------------------------------------------------------------------------------------------------------------------------------------------------------------------+
; Output Pins                                                                                                                                                                                                                                                                               ;
+----------+-------+----------+--------------+--------------+-------------+-----------------+------------------------+---------------+-----------------+------------+---------------+----------+--------------+--------------+------------------+-------------+----------------------+------+
; Name     ; Pin # ; I/O Bank ; X coordinate ; Y coordinate ; Cell number ; Output Register ; Output Enable Register ; Power Up High ; PCI I/O Enabled ; Open Drain ; TRI Primitive ; Bus Hold ; Weak Pull Up ; I/O Standard ; Current Strength ; Termination ; Location assigned by ; Load ;
+----------+-------+----------+--------------+--------------+-------------+-----------------+------------------------+---------------+-----------------+------------+---------------+----------+--------------+--------------+------------------+-------------+----------------------+------+
; light[0] ; 60    ; 4        ; 14           ; 0            ; 0           ; no              ; no                     ; no            ; no              ; no         ; no            ; no       ; Off          ; LVTTL        ; 24mA             ; Off         ; User                 ; 0 pF ;
; light[1] ; 59    ; 4        ; 14           ; 0            ; 1           ; no              ; no                     ; no            ; no              ; no         ; no            ; no       ; Off          ; LVTTL        ; 24mA             ; Off         ; User                 ; 0 pF ;
; light[2] ; 58    ; 4        ; 12           ; 0            ; 0           ; no              ; no                     ; no            ; no              ; no         ; no            ; no       ; Off          ; LVTTL        ; 24mA             ; Off         ; User                 ; 0 pF ;
; light[3] ; 57    ; 4        ; 12           ; 0            ; 1           ; no              ; no                     ; no            ; no              ; no         ; no            ; no       ; Off          ; LVTTL        ; 24mA             ; Off         ; User                 ; 0 pF ;
; light[4] ; 55    ; 4        ; 9            ; 0            ; 0           ; no              ; no                     ; no            ; no              ; no         ; no            ; no       ; Off          ; LVTTL        ; 24mA             ; Off         ; User                 ; 0 pF ;
; light[5] ; 53    ; 4        ; 9            ; 0            ; 1           ; no              ; no                     ; no            ; no              ; no         ; no            ; no       ; Off          ; LVTTL        ; 24mA             ; Off         ; User                 ; 0 pF ;
; light[6] ; 52    ; 4        ; 7            ; 0            ; 1           ; no              ; no                     ; no            ; no              ; no         ; no            ; no       ; Off          ; LVTTL        ; 24mA             ; Off         ; User                 ; 0 pF ;
; light[7] ; 51    ; 4        ; 7            ; 0            ; 2           ; no              ; no                     ; no            ; no              ; no         ; no            ; no       ; Off          ; LVTTL        ; 24mA             ; Off         ; User                 ; 0 pF ;
+----------+-------+----------+--------------+--------------+-------------+-----------------+------------------------+---------------+-----------------+------------+---------------+----------+--------------+--------------+------------------+-------------+----------------------+------+


+-----------------------------------------------------------+
; I/O Bank Usage                                            ;
+----------+-----------------+---------------+--------------+
; I/O Bank ; Usage           ; VCCIO Voltage ; VREF Voltage ;
+----------+-----------------+---------------+--------------+
; 1        ; 2 / 19 ( 11 % ) ; 3.3V          ; --           ;
; 2        ; 0 / 23 ( 0 % )  ; 3.3V          ; --           ;
; 3        ; 1 / 23 ( 4 % )  ; 3.3V          ; --           ;
; 4        ; 9 / 24 ( 38 % ) ; 3.3V          ; --           ;
+----------+-----------------+---------------+--------------+


+-------------------------------------------------------------------------------------------------------------------------------------------------------------------------+
; All Package Pins                                                                                                                                                        ;
+----------+------------+----------+-------------------------------------------+--------+--------------+---------+------------+-----------------+----------+--------------+
; Location ; Pad Number ; I/O Bank ; Pin Name/Usage                            ; Dir.   ; I/O Standard ; Voltage ; I/O Type   ; User Assignment ; Bus Hold ; Weak Pull Up ;
+----------+------------+----------+-------------------------------------------+--------+--------------+---------+------------+-----------------+----------+--------------+
; 1        ; 0          ; 1        ; +~ASDO~ / RESERVED_INPUT_WITH_WEAK_PULLUP ; input  ; LVTTL        ;         ; Row I/O    ; N               ; no       ; Off          ;
; 2        ; 1          ; 1        ; +~nCSO~ / RESERVED_INPUT_WITH_WEAK_PULLUP ; input  ; LVTTL        ;         ; Row I/O    ; N               ; no       ; Off          ;
; 3        ; 2          ; 1        ; GND*                                      ;        ;              ;         ; Row I/O    ;                 ; no       ; Off          ;
; 4        ; 3          ; 1        ; GND*                                      ;        ;              ;         ; Row I/O    ;                 ; no       ; Off          ;
; 5        ;            ; 1        ; VCCIO1                                    ; power  ;              ; 3.3V    ; --         ;                 ; --       ; --           ;
; 6        ;            ;          ; GND                                       ; gnd    ;              ;         ; --         ;                 ; --       ; --           ;
; 7        ; 10         ; 1        ; GND*                                      ;        ;              ;         ; Row I/O    ;                 ; no       ; Off          ;
; 8        ; 11         ; 1        ; GND*                                      ;        ;              ;         ; Row I/O    ;                 ; no       ; Off          ;
; 9        ; 12         ; 1        ; GND*                                      ;        ;              ;         ; Row I/O    ;                 ; no       ; Off          ;
; 10       ; 13         ; 1        ; #TDO                                      ; output ;              ;         ; --         ;                 ; --       ; --           ;
; 11       ; 14         ; 1        ; #TMS                                      ; input  ;              ;         ; --         ;                 ; --       ; --           ;
; 12       ; 15         ; 1        ; #TCK                                      ; input  ;              ;         ; --         ;                 ; --       ; --           ;
; 13       ; 16         ; 1        ; #TDI                                      ; input  ;              ;         ; --         ;                 ; --       ; --           ;
; 14       ; 17         ; 1        ; ^DATA0                                    ; input  ;              ;         ; --         ;                 ; --       ; --           ;
; 15       ; 18         ; 1        ; ^DCLK                                     ;        ;              ;         ; --         ;                 ; --       ; --           ;
; 16       ; 19         ; 1        ; ^nCE                                      ;        ;              ;         ; --         ;                 ; --       ; --           ;
; 17       ; 20         ; 1        ; GND+                                      ;        ;              ;         ; Row I/O    ;                 ; --       ; --           ;
; 18       ; 21         ; 1        ; GND+                                      ;        ;              ;         ; Row I/O    ;                 ; --       ; --           ;
; 19       ;            ;          ; GND                                       ; gnd    ;              ;         ; --         ;                 ; --       ; --           ;
; 20       ; 22         ; 1        ; ^nCONFIG                                  ;        ;              ;         ; --         ;                 ; --       ; --           ;
; 21       ; 23         ; 1        ; GND+                                      ;        ;              ;         ; Row I/O    ;                 ; --       ; --           ;
; 22       ; 24         ; 1        ; GND+                                      ;        ;              ;         ; Row I/O    ;                 ; --       ; --           ;
; 23       ;            ; 1        ; VCCIO1                                    ; power  ;              ; 3.3V    ; --         ;                 ; --       ; --           ;
; 24       ; 25         ; 1        ; GND*                                      ;        ;              ;         ; Row I/O    ;                 ; no       ; Off          ;
; 25       ; 26         ; 1        ; GND*                                      ;        ;              ;         ; Row I/O    ;                 ; no       ; Off          ;
; 26       ; 27         ; 1        ; GND*                                      ;        ;              ;         ; Row I/O    ;                 ; no       ; Off          ;
; 27       ; 28         ; 1        ; GND*                                      ;        ;              ;         ; Row I/O    ;                 ; no       ; Off          ;
; 28       ; 32         ; 1        ; GND*                                      ;        ;              ;         ; Row I/O    ;                 ; no       ; Off          ;
; 29       ;            ; 1        ; VCCIO1                                    ; power  ;              ; 3.3V    ; --         ;                 ; --       ; --           ;
; 30       ; 40         ; 1        ; GND*                                      ;        ;              ;         ; Row I/O    ;                 ; no       ; Off          ;
; 31       ; 41         ; 1        ; GND*                                      ;        ;              ;         ; Row I/O    ;                 ; no       ; Off          ;
; 32       ; 42         ; 1        ; GND*                                      ;        ;              ;         ; Row I/O    ;                 ; no       ; Off          ;
; 33       ;            ;          ; GND                                       ; gnd    ;              ;         ; --         ;                 ; --       ; --           ;
; 34       ;            ;          ; GNDD_PLL1                                 ; gnd    ;              ;         ; --         ;                 ; --       ; --           ;
; 35       ;            ;          ; VCCD_PLL1                                 ; power  ;              ; 1.2V    ; --         ;                 ; --       ; --           ;
; 36       ;            ;          ; GNDG_PLL1                                 ; gnd    ;              ;         ; --         ;                 ; --       ; --           ;
; 37       ;            ;          ; VCCA_PLL1                                 ; power  ;              ; 1.2V    ; --         ;                 ; --       ; --           ;
; 38       ;            ;          ; GNDA_PLL1                                 ; gnd    ;              ;         ; --         ;                 ; --       ; --           ;
; 39       ;            ;          ; GND                                       ; gnd    ;              ;         ; --         ;                 ; --       ; --           ;
; 40       ; 43         ; 4        ; GND*                                      ;        ;              ;         ; Column I/O ;                 ; no       ; Off          ;
; 41       ; 44         ; 4        ; GND*                                      ;        ;              ;         ; Column I/O ;                 ; no       ; Off          ;
; 42       ; 45         ; 4        ; GND*                                      ;        ;              ;         ; Column I/O ;                 ; no       ; Off          ;
; 43       ; 46         ; 4        ; GND*                                      ;        ;              ;         ; Column I/O ;                 ; no       ; Off          ;
; 44       ; 47         ; 4        ; GND*                                      ;        ;              ;         ; Column I/O ;                 ; no       ; Off          ;
; 45       ; 48         ; 4        ; GND*                                      ;        ;              ;         ; Column I/O ;                 ; no       ; Off          ;
; 46       ;            ; 4        ; VCCIO4                                    ; power  ;              ; 3.3V    ; --         ;                 ; --       ; --           ;
; 47       ; 49         ; 4        ; GND*                                      ;        ;              ;         ; Column I/O ;                 ; no       ; Off          ;
; 48       ; 50         ; 4        ; GND*                                      ;        ;              ;         ; Column I/O ;                 ; no       ; Off          ;
; 49       ;            ;          ; GND                                       ; gnd    ;              ;         ; --         ;                 ; --       ; --           ;
; 50       ;            ;          ; VCCINT                                    ; power  ;              ; 1.2V    ; --         ;                 ; --       ; --           ;
; 51       ; 52         ; 4        ; light[7]                                  ; output ; LVTTL        ;         ; Column I/O ; Y               ; no       ; Off          ;
; 52       ; 53         ; 4        ; light[6]                                  ; output ; LVTTL        ;         ; Column I/O ; Y               ; no       ; Off          ;
; 53       ; 57         ; 4        ; light[5]                                  ; output ; LVTTL        ;         ; Column I/O ; Y               ; no       ; Off          ;
; 54       ;            ; 4        ; VCCIO4                                    ; power  ;              ; 3.3V    ; --         ;                 ; --       ; --           ;
; 55       ; 58         ; 4        ; light[4]                                  ; output ; LVTTL        ;         ; Column I/O ; Y               ; no       ; Off          ;
; 56       ;            ;          ; GND                                       ; gnd    ;              ;         ; --         ;                 ; --       ; --           ;
; 57       ; 59         ; 4        ; light[3]                                  ; output ; LVTTL        ;         ; Column I/O ; Y               ; no       ; Off          ;
; 58       ; 60         ; 4        ; light[2]                                  ; output ; LVTTL        ;         ; Column I/O ; Y               ; no       ; Off          ;
; 59       ; 63         ; 4        ; light[1]                                  ; output ; LVTTL        ;         ; Column I/O ; Y               ; no       ; Off          ;
; 60       ; 64         ; 4        ; light[0]                                  ; output ; LVTTL        ;         ; Column I/O ; Y               ; no       ; Off          ;
; 61       ;            ;          ; GND                                       ; gnd    ;              ;         ; --         ;                 ; --       ; --           ;
; 62       ;            ;          ; VCCINT                                    ; power  ;              ; 1.2V    ; --         ;                 ; --       ; --           ;
; 63       ; 72         ; 4        ; GND*                                      ;        ;              ;         ; Column I/O ;                 ; no       ; Off          ;
; 64       ; 75         ; 4        ; GND*                                      ;        ;              ;         ; Column I/O ;                 ; no       ; Off          ;
; 65       ; 76         ; 4        ; GND*                                      ;        ;              ;         ; Column I/O ;                 ; no       ; Off          ;
; 66       ;            ; 4        ; VCCIO4                                    ; power  ;              ; 3.3V    ; --         ;                 ; --       ; --           ;
; 67       ; 79         ; 4        ; GND*                                      ;        ;              ;         ; Column I/O ;                 ; no       ; Off          ;
; 68       ;            ;          ; GND                                       ; gnd    ;              ;         ; --         ;                 ; --       ; --           ;
; 69       ; 80         ; 4        ; GND*                                      ;        ;              ;         ; Column I/O ;                 ; no       ; Off          ;
; 70       ; 81         ; 4        ; clk100khz                                 ; input  ; LVTTL        ;         ; Column I/O ; Y               ; no       ; Off          ;
; 71       ; 82         ; 4        ; GND*                                      ;        ;              ;         ; Column I/O ;                 ; no       ; Off          ;
; 72       ; 83         ; 4        ; GND*                                      ;        ;              ;         ; Column I/O ;                 ; no       ; Off          ;
; 73       ; 84         ; 3        ; GND*                                      ;        ;              ;         ; Row I/O    ;                 ; no       ; Off          ;
; 74       ; 85         ; 3        ; GND*                                      ;        ;              ;         ; Row I/O    ;                 ; no       ; Off          ;
; 75       ; 86         ; 3        ; GND*                                      ;        ;              ;         ; Row I/O    ;                 ; no       ; Off          ;
; 76       ; 87         ; 3        ; *~LVDS41p/nCEO~ / GND*                    ; output ; LVTTL        ;         ; Row I/O    ; N               ; no       ; Off          ;
; 77       ;            ; 3        ; VCCIO3                                    ; power  ;              ; 3.3V    ; --         ;                 ; --       ; --           ;
; 78       ;            ;          ; GND                                       ; gnd    ;              ;         ; --         ;                 ; --       ; --           ;
; 79       ; 95         ; 3        ; GND*                                      ;        ;              ;         ; Row I/O    ;                 ; no       ; Off          ;
; 80       ; 97         ; 3        ; GND*                                      ;        ;              ;         ; Row I/O    ;                 ; no       ; Off          ;
; 81       ; 98         ; 3        ; GND*                                      ;        ;              ;         ; Row I/O    ;                 ; no       ; Off          ;
; 82       ; 99         ; 3        ; ^nSTATUS                                  ;        ;              ;         ; --         ;                 ; --       ; --           ;
; 83       ; 100        ; 3        ; ^CONF_DONE                                ;        ;              ;         ; --         ;                 ; --       ; --           ;
; 84       ; 101        ; 3        ; ^MSEL1                                    ;        ;              ;         ; --         ;                 ; --       ; --           ;
; 85       ; 102        ; 3        ; ^MSEL0                                    ;        ;              ;         ; --         ;                 ; --       ; --           ;
; 86       ; 103        ; 3        ; GND*                                      ;        ;              ;         ; Row I/O    ;                 ; no       ; Off          ;
; 87       ; 104        ; 3        ; GND*                                      ;        ;              ;         ; Row I/O    ;                 ; no       ; Off          ;
; 88       ; 105        ; 3        ; GND+                                      ;        ;              ;         ; Row I/O    ;                 ; --       ; --           ;
; 89       ; 106        ; 3        ; GND+                                      ;        ;              ;         ; Row I/O    ;                 ; --       ; --           ;
; 90       ; 107        ; 3        ; GND+                                      ;        ;              ;         ; Row I/O    ;                 ; --       ; --           ;
; 91       ; 108        ; 3        ; GND+                                      ;        ;              ;         ; Row I/O    ;                 ; --       ; --           ;
; 92       ; 109        ; 3        ; GND*                                      ;        ;              ;         ; Row I/O    ;                 ; no       ; Off          ;
; 93       ; 110        ; 3        ; GND*                                      ;        ;              ;         ; Row I/O    ;                 ; no       ; Off          ;
; 94       ; 111        ; 3        ; GND*                                      ;        ;              ;         ; Row I/O    ;                 ; no       ; Off          ;
; 95       ;            ; 3        ; VCCIO3                                    ; power  ;              ; 3.3V    ; --         ;                 ; --       ; --           ;
; 96       ; 112        ; 3        ; GND*                                      ;        ;              ;         ; Row I/O    ;                 ; no       ; Off          ;
; 97       ; 113        ; 3        ; GND*                                      ;        ;              ;         ; Row I/O    ;                 ; no       ; Off          ;
; 98       ;            ;          ; GND                                       ; gnd    ;              ;         ; --         ;                 ; --       ; --           ;
; 99       ; 119        ; 3        ; GND*                                      ;        ;              ;         ; Row I/O    ;                 ; no       ; Off          ;
; 100      ; 120        ; 3        ; GND*                                      ;        ;              ;         ; Row I/O    ;                 ; no       ; Off          ;
; 101      ; 121        ; 3        ; GND*                                      ;        ;              ;         ; Row I/O    ;                 ; no       ; Off          ;
; 102      ;            ; 3        ; VCCIO3                                    ; power  ;              ; 3.3V    ; --         ;                 ; --       ; --           ;
; 103      ; 125        ; 3        ; GND*                                      ;        ;              ;         ; Row I/O    ;                 ; no       ; Off          ;
; 104      ; 126        ; 3        ; GND*                                      ;        ;              ;         ; Row I/O    ;                 ; no       ; Off          ;
; 105      ;            ;          ; GND                                       ; gnd    ;              ;         ; --         ;                 ; --       ; --           ;
; 106      ;            ;          ; GNDD_PLL2                                 ; gnd    ;              ;         ; --         ;                 ; --       ; --           ;
; 107      ;            ;          ; VCCD_PLL2                                 ; power  ;              ; 1.2V    ; --         ;                 ; --       ; --           ;
; 108      ;            ;          ; GNDG_PLL2                                 ; gnd    ;              ;         ; --         ;                 ; --       ; --           ;
; 109      ;            ;          ; VCCA_PLL2                                 ; power  ;              ; 1.2V    ; --         ;                 ; --       ; --           ;
; 110      ;            ;          ; GNDA_PLL2                                 ; gnd    ;              ;         ; --         ;                 ; --       ; --           ;
; 111      ;            ;          ; GND                                       ; gnd    ;              ;         ; --         ;                 ; --       ; --           ;
; 112      ; 127        ; 2        ; GND*                                      ;        ;              ;         ; Column I/O ;                 ; no       ; Off          ;
; 113      ; 128        ; 2        ; GND*                                      ;        ;              ;         ; Column I/O ;                 ; no       ; Off          ;
; 114      ; 129        ; 2        ; GND*                                      ;        ;              ;         ; Column I/O ;                 ; no       ; Off          ;
; 115      ; 130        ; 2        ; GND*                                      ;        ;              ;         ; Column I/O ;                 ; no       ; Off          ;
; 116      ;            ; 2        ; VCCIO2                                    ; power  ;              ; 3.3V    ; --         ;                 ; --       ; --           ;
; 117      ;            ;          ; GND                                       ; gnd    ;              ;         ; --         ;                 ; --       ; --           ;
; 118      ; 134        ; 2        ; GND*                                      ;        ;              ;         ; Column I/O ;                 ; no       ; Off          ;
; 119      ; 135        ; 2        ; GND*                                      ;        ;              ;         ; Column I/O ;                 ; no       ; Off          ;
; 120      ; 137        ; 2        ; GND*                                      ;        ;              ;         ; Column I/O ;                 ; no       ; Off          ;
; 121      ; 138        ; 2        ; GND*                                      ;        ;              ;         ; Column I/O ;                 ; no       ; Off          ;
; 122      ; 139        ; 2        ; GND*                                      ;        ;              ;         ; Column I/O ;                 ; no       ; Off          ;
; 123      ;            ;          ; GND                                       ; gnd    ;              ;         ; --         ;                 ; --       ; --           ;
; 124      ;            ;          ; VCCINT                                    ; power  ;              ; 1.2V    ; --         ;                 ; --       ; --           ;
; 125      ; 144        ; 2        ; GND*                                      ;        ;              ;         ; Column I/O ;                 ; no       ; Off          ;
; 126      ; 145        ; 2        ; GND*                                      ;        ;              ;         ; Column I/O ;                 ; no       ; Off          ;
; 127      ;            ; 2        ; VCCIO2                                    ; power  ;              ; 3.3V    ; --         ;                 ; --       ; --           ;
; 128      ;            ;          ; GND                                       ; gnd    ;              ;         ; --         ;                 ; --       ; --           ;
; 129      ; 148        ; 2        ; GND*                                      ;        ;              ;         ; Column I/O ;                 ; no       ; Off          ;
; 130      ;            ;          ; GND                                       ; gnd    ;              ;         ; --         ;                 ; --       ; --           ;
; 131      ;            ;          ; VCCINT                                    ; power  ;              ; 1.2V    ; --         ;                 ; --       ; --           ;
; 132      ; 153        ; 2        ; GND*                                      ;        ;              ;         ; Column I/O ;                 ; no       ; Off          ;
; 133      ; 154        ; 2        ; GND*                                      ;        ;              ;         ; Column I/O ;                 ; no       ; Off          ;
; 134      ; 155        ; 2        ; GND*                                      ;        ;              ;         ; Column I/O ;                 ; no       ; Off          ;
; 135      ; 162        ; 2        ; GND*                                      ;        ;              ;         ; Column I/O ;                 ; no       ; Off          ;
; 136      ; 163        ; 2        ; GND*                                      ;        ;              ;         ; Column I/O ;                 ; no       ; Off          ;
; 137      ; 164        ; 2        ; GND*                                      ;        ;              ;         ; Column I/O ;                 ; no       ; Off          ;
; 138      ;            ; 2        ; VCCIO2                                    ; power  ;              ; 3.3V    ; --         ;                 ; --       ; --           ;
; 139      ; 165        ; 2        ; GND*                                      ;        ;              ;         ; Column I/O ;                 ; no       ; Off          ;
; 140      ;            ;          ; GND                                       ; gnd    ;              ;         ; --         ;                 ; --       ; --           ;
; 141      ; 166        ; 2        ; GND*                                      ;        ;              ;         ; Column I/O ;                 ; no       ; Off          ;
; 142      ; 167        ; 2        ; GND*                                      ;        ;              ;         ; Column I/O ;                 ; no       ; Off          ;
; 143      ; 168        ; 2        ; GND*                                      ;        ;              ;         ; Column I/O ;                 ; no       ; Off          ;
; 144      ; 169        ; 2        ; GND*                                      ;        ;              ;         ; Column I/O ;                 ; no       ; Off          ;
+----------+------------+----------+-------------------------------------------+--------+--------------+---------+------------+-----------------+----------+--------------+


+-------------------------------------------------------------------------------+
; Output Pin Default Load For Reported TCO                                      ;
+----------------------------------+-------+------------------------------------+
; I/O Standard                     ; Load  ; Termination Resistance             ;
+----------------------------------+-------+------------------------------------+
; LVTTL                            ; 0 pF  ; Not Available                      ;
; LVCMOS                           ; 0 pF  ; Not Available                      ;
; 2.5 V                            ; 0 pF  ; Not Available                      ;
; 1.8 V                            ; 0 pF  ; Not Available                      ;
; 1.5 V                            ; 0 pF  ; Not Available                      ;
; 3.3-V PCI                        ; 10 pF ; 25 Ohm (Parallel)                  ;
; 3.3-V PCI-X                      ; 10 pF ; 25 Ohm (Parallel)                  ;
; SSTL-2 Class I                   ; 0 pF  ; 50 Ohm (Parallel), 25 Ohm (Serial) ;
; SSTL-2 Class II                  ; 0 pF  ; 25 Ohm (Parallel), 25 Ohm (Serial) ;
; SSTL-18 Class I                  ; 0 pF  ; 50 Ohm (Parallel), 25 Ohm (Serial) ;
; SSTL-18 Class II                 ; 0 pF  ; 25 Ohm (Parallel), 25 Ohm (Serial) ;
; 1.5-V HSTL Class I               ; 0 pF  ; 50 Ohm (Parallel)                  ;
; 1.5-V HSTL Class II              ; 0 pF  ; 25 Ohm (Parallel)                  ;
; 1.8-V HSTL Class I               ; 0 pF  ; 50 Ohm (Parallel)                  ;
; 1.8-V HSTL Class II              ; 0 pF  ; 25 Ohm (Parallel)                  ;
; Differential SSTL-2              ; 0 pF  ; (See SSTL-2)                       ;
; Differential 2.5-V SSTL Class II ; 0 pF  ; (See SSTL-2 Class II)              ;
; Differential 1.8-V SSTL Class I  ; 0 pF  ; (See 1.8-V SSTL Class I)           ;
; Differential 1.8-V SSTL Class II ; 0 pF  ; (See 1.8-V SSTL Class II)          ;
; Differential 1.5-V HSTL Class I  ; 0 pF  ; (See 1.5-V HSTL Class I)           ;
; Differential 1.5-V HSTL Class II ; 0 pF  ; (See 1.5-V HSTL Class II)          ;
; Differential 1.8-V HSTL Class I  ; 0 pF  ; (See 1.8-V HSTL Class I)           ;
; Differential 1.8-V HSTL Class II ; 0 pF  ; (See 1.8-V HSTL Class II)          ;
; LVDS                             ; 0 pF  ; 100 Ohm (Differential)             ;
; mini-LVDS                        ; 0 pF  ; 100 Ohm (Differential)             ;
; RSDS                             ; 0 pF  ; 100 Ohm (Differential)             ;
; Simple RSDS                      ; 0 pF  ; Not Available                      ;
; Differential LVPECL              ; 0 pF  ; 100 Ohm (Differential)             ;
+----------------------------------+-------+------------------------------------+
Note: User assignments will override these defaults. The user specified values are listed in the Output Pins and Bidir Pins tables.


+----------------------------------------------------------------------------------------------------------------------------------------------------------------------------+
; Fitter Resource Utilization by Entity                                                                                                                                      ;
+----------------------------+-------------+-------------------+--------------+-------------+--------------+---------+-----------+------+--------------+---------------------+
; Compilation Hierarchy Node ; Logic Cells ; LC Combinationals ; LC Registers ; Memory Bits ; DSP Elements ; DSP 9x9 ; DSP 18x18 ; Pins ; Virtual Pins ; Full Hierarchy Name ;
+----------------------------+-------------+-------------------+--------------+-------------+--------------+---------+-----------+------+--------------+---------------------+
; |lig                       ; 75 (75)     ; 75 (75)           ; 44 (44)      ; 0           ; 0            ; 0       ; 0         ; 9    ; 0            ; |lig                ;
+----------------------------+-------------+-------------------+--------------+-------------+--------------+---------+-----------+------+--------------+---------------------+
Note: For table entries with two numbers listed, the numbers in parentheses indicate the number of resources of the given type used by the specific entity alone. The numbers listed outside of parentheses indicate the total resources of the given type used by the specific entity and all of its sub-entities in the hierarchy.


+------------------------------------------------------------------------------------+
; Delay Chain Summary                                                                ;
+-----------+----------+---------------+---------------+-----------------------+-----+
; Name      ; Pin Type ; Pad to Core 0 ; Pad to Core 1 ; Pad to Input Register ; TCO ;
+-----------+----------+---------------+---------------+-----------------------+-----+
; clk100khz ; Input    ; 0             ; 0             ; --                    ; --  ;
; light[0]  ; Output   ; --            ; --            ; --                    ; --  ;
; light[1]  ; Output   ; --            ; --            ; --                    ; --  ;
; light[2]  ; Output   ; --            ; --            ; --                    ; --  ;
; light[3]  ; Output   ; --            ; --            ; --                    ; --  ;
; light[4]  ; Output   ; --            ; --            ; --                    ; --  ;
; light[5]  ; Output   ; --            ; --            ; --                    ; --  ;
; light[6]  ; Output   ; --            ; --            ; --                    ; --  ;
; light[7]  ; Output   ; --            ; --            ; --                    ; --  ;
+-----------+----------+---------------+---------------+-----------------------+-----+


+---------------------------------------------------+
; Pad To Core Delay Chain Fanout                    ;
+---------------------+-------------------+---------+
; Source Pin / Fanout ; Pad To Core Index ; Setting ;
+---------------------+-------------------+---------+
; clk100khz           ;                   ;         ;
;      - clk2         ; 0                 ; 0       ;
;      - clk          ; 0                 ; 0       ;
;      - clk1         ; 0                 ; 0       ;
;      - count[25]    ; 0                 ; 0       ;
;      - count[24]    ; 0                 ; 0       ;
;      - count[23]    ; 0                 ; 0       ;
;      - count[22]    ; 0                 ; 0       ;
;      - count[21]    ; 0                 ; 0       ;
;      - count[20]    ; 0                 ; 0       ;
;      - count[19]    ; 0                 ; 0       ;
;      - count[18]    ; 0                 ; 0       ;
;      - count[17]    ; 0                 ; 0       ;
;      - count[16]    ; 0                 ; 0       ;
;      - count[13]    ; 0                 ; 0       ;
;      - count[11]    ; 0                 ; 0       ;
;      - count[9]     ; 0                 ; 0       ;
;      - count[8]     ; 0                 ; 0       ;
;      - count[10]    ; 0                 ; 0       ;
;      - count[5]     ; 0                 ; 0       ;
;      - count[2]     ; 0                 ; 0       ;
;      - count[1]     ; 0                 ; 0       ;
;      - count[0]     ; 0                 ; 0       ;
;      - count[4]     ; 0                 ; 0       ;
;      - count[15]    ; 0                 ; 0       ;
;      - count[14]    ; 0                 ; 0       ;
;      - count[12]    ; 0                 ; 0       ;
;      - count[7]     ; 0                 ; 0       ;
;      - count[6]     ; 0                 ; 0       ;
;      - count[3]     ; 0                 ; 0       ;
+---------------------+-------------------+---------+


+-----------------------------------------------------------------------------------------------------------------------------------------------------+
; Control Signals                                                                                                                                     ;
+---------------+------------------+---------+-------------------------+--------+----------------------+------------------+---------------------------+
; Name          ; Location         ; Fan-Out ; Usage                   ; Global ; Global Resource Used ; Global Line Name ; Enable Signal Source Name ;
+---------------+------------------+---------+-------------------------+--------+----------------------+------------------+---------------------------+
; clk           ; LCFF_X21_Y2_N11  ; 15      ; Clock                   ; yes    ; Global clock         ; GCLK3            ; --                        ;
; clk100khz     ; PIN_70           ; 29      ; Clock                   ; no     ; --                   ; --               ; --                        ;
; flag.000      ; LCFF_X20_Y2_N25  ; 15      ; Sync. clear, Sync. load ; no     ; --                   ; --               ; --                        ;
; light[1]~1280 ; LCCOMB_X20_Y2_N4 ; 7       ; Clock enable            ; no     ; --                   ; --               ; --                        ;
; rtl~342       ; LCCOMB_X21_Y2_N4 ; 2       ; Clock enable            ; no     ; --                   ; --               ; --                        ;
+---------------+------------------+---------+-------------------------+--------+----------------------+------------------+---------------------------+


+--------------------------------------------------------------------------------------------------------+
; Global & Other Fast Signals                                                                            ;
+------+-----------------+---------+----------------------+------------------+---------------------------+
; Name ; Location        ; Fan-Out ; Global Resource Used ; Global Line Name ; Enable Signal Source Name ;
+------+-----------------+---------+----------------------+------------------+---------------------------+
; clk  ; LCFF_X21_Y2_N11 ; 15      ; Global clock         ; GCLK3            ; --                        ;
+------+-----------------+---------+----------------------+------------------+---------------------------+


+---------------------------------+
; Non-Global High Fan-Out Signals ;
+---------------+-----------------+
; Name          ; Fan-Out         ;
+---------------+-----------------+
; clk100khz     ; 29              ;
; flag.000      ; 15              ;
; flag.010      ; 15              ;
; flag.001      ; 15              ;
; flag1         ; 13              ;
; rtl~348       ; 8               ;
; rtl~347       ; 8               ;
; rtl~350       ; 7               ;
; light[1]~1280 ; 7               ;
; flag.011      ; 7               ;
; light[6]~reg0 ; 5               ;
; count[3]      ; 3               ;
; count[6]      ; 3               ;
; count[7]      ; 3               ;
; count[12]     ; 3               ;
; count[14]     ; 3               ;
; count[15]     ; 3               ;
; flag.100      ; 3               ;
; light[5]~reg0 ; 3               ;
; light[4]~reg0 ; 3               ;
; light[3]~reg0 ; 3               ;
; light[2]~reg0 ; 3               ;
; light[1]~reg0 ; 3               ;
; light[0]~reg0 ; 3               ;
; count[4]      ; 2               ;
; count[0]      ; 2               ;
; count[1]      ; 2               ;
; count[2]      ; 2               ;
; count[5]      ; 2               ;
; count[10]     ; 2               ;
; count[8]      ; 2               ;
; count[9]      ; 2               ;
; count[11]     ; 2               ;
; count[13]     ; 2               ;
; count[16]     ; 2               ;
; count[17]     ; 2               ;
; count[18]     ; 2               ;
; count[19]     ; 2               ;
; count[20]     ; 2               ;
; count[21]     ; 2               ;
; count[22]     ; 2               ;
; count[23]     ; 2               ;
; count[24]     ; 2               ;
; count[25]     ; 2               ;
; rtl~342       ; 2               ;
; b             ; 2               ;
; clk2          ; 2               ;
; clk1          ; 2               ;
; light~1284    ; 2               ;
; light~1277    ; 2               ;
+---------------+-----------------+


+----------------------------------------------------+
; Interconnect Usage Summary                         ;
+----------------------------+-----------------------+
; Interconnect Resource Type ; Usage                 ;
+----------------------------+-----------------------+
; Block interconnects        ; 69 / 15,666 ( < 1 % ) ;
; C16 interconnects          ; 0 / 812 ( 0 % )       ;
; C4 interconnects           ; 22 / 11,424 ( < 1 % ) ;
; Direct links               ; 41 / 15,666 ( < 1 % ) ;
; Global clocks              ; 1 / 8 ( 13 % )        ;
; Local interconnects        ; 51 / 4,608 ( 1 % )    ;
; R24 interconnects          ; 1 / 652 ( < 1 % )     ;
; R4 interconnects           ; 24 / 13,328 ( < 1 % ) ;
+----------------------------+-----------------------+


+---------------------------------------------------------------------------+
; LAB Logic Elements                                                        ;
+---------------------------------------------+-----------------------------+
; Number of Logic Elements  (Average = 12.50) ; Number of LABs  (Total = 6) ;
+---------------------------------------------+-----------------------------+
; 1                                           ; 1                           ;
; 2                                           ; 0                           ;
; 3                                           ; 0                           ;
; 4                                           ; 0                           ;
; 5                                           ; 0                           ;
; 6                                           ; 0                           ;
; 7                                           ; 0                           ;
; 8                                           ; 0                           ;
; 9                                           ; 0                           ;
; 10                                          ; 1                           ;
; 11                                          ; 0                           ;
; 12                                          ; 0                           ;
; 13                                          ; 0                           ;
; 14                                          ; 0                           ;
; 15                                          ; 0                           ;
; 16                                          ; 4                           ;
+---------------------------------------------+-----------------------------+


+------------------------------------------------------------------+
; LAB-wide Signals                                                 ;
+------------------------------------+-----------------------------+
; LAB-wide Signals  (Average = 1.17) ; Number of LABs  (Total = 6) ;
+------------------------------------+-----------------------------+
; 1 Clock                            ; 4                           ;
; 1 Clock enable                     ; 2                           ;
; 2 Clocks                           ; 1                           ;
+------------------------------------+-----------------------------+


+----------------------------------------------------------------------------+
; LAB Signals Sourced                                                        ;
+----------------------------------------------+-----------------------------+
; Number of Signals Sourced  (Average = 19.83) ; Number of LABs  (Total = 6) ;
+----------------------------------------------+-----------------------------+
; 0                                            ; 0                           ;
; 1                                            ; 1                           ;
; 2                                            ; 0                           ;
; 3                                            ; 0                           ;
; 4                                            ; 0                           ;
; 5                                            ; 0                           ;
; 6                                            ; 0                           ;
; 7                                            ; 0                           ;
; 8                                            ; 0                           ;
; 9                                            ; 0                           ;
; 10                                           ; 0                           ;
; 11                                           ; 0                           ;
; 12                                           ; 0                           ;
; 13                                           ; 0                           ;
; 14                                           ; 0                           ;
; 15                                           ; 0                           ;
; 16                                           ; 0                           ;
; 17                                           ; 0                           ;
; 18                                           ; 1                           ;
; 19                                           ; 0                           ;
; 20                                           ; 0                           ;
; 21                                           ; 0                           ;
; 22                                           ; 1                           ;
; 23                                           ; 0                           ;
; 24                                           ; 1                           ;
; 25                                           ; 0                           ;
; 26                                           ; 0                           ;
; 27                                           ; 2                           ;
+----------------------------------------------+-----------------------------+


+-------------------------------------------------------------------------------+
; LAB Signals Sourced Out                                                       ;
+-------------------------------------------------+-----------------------------+
; Number of Signals Sourced Out  (Average = 8.00) ; Number of LABs  (Total = 6) ;
+-------------------------------------------------+-----------------------------+
; 0                                               ; 0                           ;
; 1                                               ; 1                           ;
; 2                                               ; 0                           ;
; 3                                               ; 0                           ;
; 4                                               ; 0                           ;
; 5                                               ; 0                           ;
; 6                                               ; 1                           ;
; 7                                               ; 0                           ;
; 8                                               ; 2                           ;
; 9                                               ; 0                           ;
; 10                                              ; 1                           ;
; 11                                              ; 0                           ;
; 12                                              ; 0                           ;
; 13                                              ; 0                           ;
; 14                                              ; 0                           ;
; 15                                              ; 1                           ;
+-------------------------------------------------+-----------------------------+


+---------------------------------------------------------------------------+
; LAB Distinct Inputs                                                       ;
+---------------------------------------------+-----------------------------+
; Number of Distinct Inputs  (Average = 9.83) ; Number of LABs  (Total = 6) ;
+---------------------------------------------+-----------------------------+
; 0                                           ; 0                           ;
; 1                                           ; 0                           ;
; 2                                           ; 0                           ;
; 3                                           ; 0                           ;
; 4                                           ; 1                           ;
; 5                                           ; 1                           ;
; 6                                           ; 1                           ;
; 7                                           ; 0                           ;
; 8                                           ; 1                           ;
; 9                                           ; 0                           ;
; 10                                          ; 0                           ;
; 11                                          ; 0                           ;
; 12                                          ; 0                           ;
; 13                                          ; 0                           ;
; 14                                          ; 0                           ;
; 15                                          ; 1                           ;
; 16                                          ; 0                           ;
; 17                                          ; 0                           ;
; 18                                          ; 0                           ;
; 19                                          ; 0                           ;
; 20                                          ; 0                           ;
; 21                                          ; 1                           ;
+---------------------------------------------+-----------------------------+


+-----------------+
; Fitter Messages ;
+-----------------+
Info: *******************************************************************
Info: Running Quartus II Fitter
    Info: Version 5.1 Build 176 10/26/2005 SJ Full Version
    Info: Processing started: Wed Nov 27 19:08:29 2019
Info: Command: quartus_fit --read_settings_files=off --write_settings_files=off lig -c lig
Info: Selected device EP2C5T144C8 for design "lig"
Info: Fitter is performing an Auto Fit compilation, which may decrease Fitter effort to reduce compilation time
Info: Timing requirements not specified -- optimizing circuit to achieve the following default global requirements
    Info: Assuming a global fmax requirement of 1 MHz
    Info: Not setting a global tsu requirement
    Info: Not setting a global tco requirement
    Info: Not setting a global tpd requirement
Info: Device migration not selected. If you intend to use device migration later, you may need to change the pin assignments as they may be incompatible with other devices
    Info: Device EP2C5T144I8 is compatible
    Info: Device EP2C8T144C8 is compatible
    Info: Device EP2C8T144I8 is compatible
Info: Automatically promoted node clk 
    Info: Automatically promoted destinations to use location or clock signal Global Clock
Info: Starting register packing
Info: Performing register packing on registers with non-logic cell location assignments
Info: Completed register packing on registers with non-logic cell location assignments
Info: Started Fast Input/Output/OE register processing
Info: Finished Fast Input/Output/OE register processing
Info: Moving registers into I/O cells, Multiplier Blocks, and RAM blocks to improve timing and density
Info: Finished moving registers into I/O cells, Multiplier Blocks, and RAM blocks
Info: Finished register packing
Info: Fitter placement preparation operations beginning
Info: Fitter is using Normal packing mode for logic elements with Auto setting for Auto Packed Registers logic option
Info: Fitter placement preparation operations ending: elapsed time is 00:00:00
Info: Fitter placement operations beginning
Info: Fitter placement was successful
Info: Fitter placement operations ending: elapsed time is 00:00:00
Info: Estimated most critical path is register to register delay of 5.854 ns
    Info: 1: + IC(0.000 ns) + CELL(0.000 ns) = 0.000 ns; Loc. = LAB_X22_Y2; Fanout = 3; REG Node = 'count[0]'
    Info: 2: + IC(0.648 ns) + CELL(0.621 ns) = 1.269 ns; Loc. = LAB_X22_Y2; Fanout = 2; COMB Node = 'add~392'
    Info: 3: + IC(0.000 ns) + CELL(0.161 ns) = 1.430 ns; Loc. = LAB_X22_Y2; Fanout = 2; COMB Node = 'add~394'
    Info: 4: + IC(0.000 ns) + CELL(0.161 ns) = 1.591 ns; Loc. = LAB_X22_Y2; Fanout = 2; COMB Node = 'add~396'
    Info: 5: + IC(0.000 ns) + CELL(0.161 ns) = 1.752 ns; Loc. = LAB_X22_Y2; Fanout = 2; COMB Node = 'add~398'
    Info: 6: + IC(0.000 ns) + CELL(0.161 ns) = 1.913 ns; Loc. = LAB_X22_Y2; Fanout = 2; COMB Node = 'add~400'
    Info: 7: + IC(0.000 ns) + CELL(0.161 ns) = 2.074 ns; Loc. = LAB_X22_Y2; Fanout = 2; COMB Node = 'add~402'
    Info: 8: + IC(0.000 ns) + CELL(0.161 ns) = 2.235 ns; Loc. = LAB_X22_Y2; Fanout = 2; COMB Node = 'add~404'
    Info: 9: + IC(0.000 ns) + CELL(0.161 ns) = 2.396 ns; Loc. = LAB_X22_Y2; Fanout = 2; COMB Node = 'add~406'
    Info: 10: + IC(0.000 ns) + CELL(0.161 ns) = 2.557 ns; Loc. = LAB_X22_Y2; Fanout = 2; COMB Node = 'add~408'
    Info: 11: + IC(0.000 ns) + CELL(0.161 ns) = 2.718 ns; Loc. = LAB_X22_Y2; Fanout = 2; COMB Node = 'add~410'
    Info: 12: + IC(0.000 ns) + CELL(0.161 ns) = 2.879 ns; Loc. = LAB_X22_Y2; Fanout = 2; COMB Node = 'add~412'
    Info: 13: + IC(0.000 ns) + CELL(0.161 ns) = 3.040 ns; Loc. = LAB_X22_Y2; Fanout = 2; COMB Node = 'add~414'
    Info: 14: + IC(0.000 ns) + CELL(0.161 ns) = 3.201 ns; Loc. = LAB_X22_Y2; Fanout = 2; COMB Node = 'add~416'
    Info: 15: + IC(0.107 ns) + CELL(0.161 ns) = 3.469 ns; Loc. = LAB_X22_Y1; Fanout = 2; COMB Node = 'add~418'
    Info: 16: + IC(0.000 ns) + CELL(0.161 ns) = 3.630 ns; Loc. = LAB_X22_Y1; Fanout = 2; COMB Node = 'add~420'
    Info: 17: + IC(0.000 ns) + CELL(0.161 ns) = 3.791 ns; Loc. = LAB_X22_Y1; Fanout = 2; COMB Node = 'add~422'
    Info: 18: + IC(0.000 ns) + CELL(0.161 ns) = 3.952 ns; Loc. = LAB_X22_Y1; Fanout = 2; COMB Node = 'add~424'
    Info: 19: + IC(0.000 ns) + CELL(0.161 ns) = 4.113 ns; Loc. = LAB_X22_Y1; Fanout = 2; COMB Node = 'add~426'
    Info: 20: + IC(0.000 ns) + CELL(0.161 ns) = 4.274 ns; Loc. = LAB_X22_Y1; Fanout = 2; COMB Node = 'add~428'
    Info: 21: + IC(0.000 ns) + CELL(0.161 ns) = 4.435 ns; Loc. = LAB_X22_Y1; Fanout = 2; COMB Node = 'add~430'
    Info: 22: + IC(0.000 ns) + CELL(0.161 ns) = 4.596 ns; Loc. = LAB_X22_Y1; Fanout = 2; COMB Node = 'add~432'
    Info: 23: + IC(0.000 ns) + CELL(0.161 ns) = 4.757 ns; Loc. = LAB_X22_Y1; Fanout = 2; COMB Node = 'add~434'
    Info: 24: + IC(0.000 ns) + CELL(0.161 ns) = 4.918 ns; Loc. = LAB_X22_Y1; Fanout = 2; COMB Node = 'add~436'
    Info: 25: + IC(0.000 ns) + CELL(0.161 ns) = 5.079 ns; Loc. = LAB_X22_Y1; Fanout = 2; COMB Node = 'add~438'
    Info: 26: + IC(0.000 ns) + CELL(0.161 ns) = 5.240 ns; Loc. = LAB_X22_Y1; Fanout = 1; COMB Node = 'add~440'
    Info: 27: + IC(0.000 ns) + CELL(0.506 ns) = 5.746 ns; Loc. = LAB_X22_Y1; Fanout = 1; COMB Node = 'add~441'
    Info: 28: + IC(0.000 ns) + CELL(0.108 ns) = 5.854 ns; Loc. = LAB_X22_Y1; Fanout = 2; REG Node = 'count[25]'
    Info: Total cell delay = 5.099 ns ( 87.10 % )
    Info: Total interconnect delay = 0.755 ns ( 12.90 % )
Info: Fitter routing operations beginning
Info: Average interconnect usage is 0% of the available device resources. Peak interconnect usage is 0%
Info: Fitter routing operations ending: elapsed time is 00:00:00
Info: The Fitter performed an Auto Fit compilation.  Optimizations were skipped to reduce compilation time.
    Info: Optimizations that may affect the design's routability were skipped
    Info: Optimizations that may affect the design's timing were skipped
Info: Started post-fitting delay annotation
Warning: Timing characteristics of device EP2C5T144C8 are preliminary
Warning: Found 8 output pins without output pin load capacitance assignment
    Warning: Pin "light[0]" has no specified output pin load capacitance -- assuming default load capacitance of 0 pF for timing analysis
    Warning: Pin "light[1]" has no specified output pin load capacitance -- assuming default load capacitance of 0 pF for timing analysis
    Warning: Pin "light[2]" has no specified output pin load capacitance -- assuming default load capacitance of 0 pF for timing analysis
    Warning: Pin "light[3]" has no specified output pin load capacitance -- assuming default load capacitance of 0 pF for timing analysis
    Warning: Pin "light[4]" has no specified output pin load capacitance -- assuming default load capacitance of 0 pF for timing analysis
    Warning: Pin "light[5]" has no specified output pin load capacitance -- assuming default load capacitance of 0 pF for timing analysis
    Warning: Pin "light[6]" has no specified output pin load capacitance -- assuming default load capacitance of 0 pF for timing analysis
    Warning: Pin "light[7]" has no specified output pin load capacitance -- assuming default load capacitance of 0 pF for timing analysis
Info: Delay annotation completed successfully
Info: Quartus II Fitter was successful. 0 errors, 10 warnings
    Info: Processing ended: Wed Nov 27 19:08:30 2019
    Info: Elapsed time: 00:00:01


